<?xml version="1.0" encoding="UTF-8"?>
<!-- Generated by org.testng.reporters.JUnitReportReporter -->
<testsuite skipped="0" hostname="TJ-PC" name="APITesting.com.org.api.WeatherGetRequest" tests="1" failures="0" timestamp="17 Aug 2019 17:42:51 GMT" time="6.957" errors="0">
  <testcase name="Test_04" time="6.957" classname="APITesting.com.org.api.WeatherGetRequest"/>
</testsuite> <!-- APITesting.com.org.api.WeatherGetRequest -->
