<?xml version="1.0" encoding="UTF-8"?>
<!-- Generated by org.testng.reporters.JUnitReportReporter -->
<testsuite hostname="TJ-PC" name="APITesting.com.org.api.WeatherGetRequest" tests="1" failures="0" timestamp="17 Aug 2019 16:47:17 GMT" time="5.906" errors="0">
  <testcase name="Test_01" time="5.906" classname="APITesting.com.org.api.WeatherGetRequest"/>
</testsuite> <!-- APITesting.com.org.api.WeatherGetRequest -->
