<?xml version="1.0" encoding="UTF-8"?>
<!-- Generated by org.testng.reporters.JUnitReportReporter -->
<testsuite hostname="TJ-PC" name="APITesting.com.org.api.WeatherGetRequest" tests="2" failures="0" timestamp="15 Nov 2019 08:02:11 GMT" time="9.252" errors="0">
  <testcase name="Test_04" time="2.000" classname="APITesting.com.org.api.WeatherGetRequest"/>
  <testcase name="Test_03" time="7.252" classname="APITesting.com.org.api.WeatherGetRequest"/>
</testsuite> <!-- APITesting.com.org.api.WeatherGetRequest -->
