<?xml version="1.0" encoding="UTF-8"?>
<!-- Generated by org.testng.reporters.JUnitReportReporter -->
<testsuite hostname="TJ-PC" name="APITesting.com.org.api.WeatherGetRequest" tests="1" failures="0" timestamp="16 Aug 2019 22:14:45 GMT" time="35.308" errors="0">
  <testcase name="Test_01" time="35.308" classname="APITesting.com.org.api.WeatherGetRequest"/>
</testsuite> <!-- APITesting.com.org.api.WeatherGetRequest -->
