<?xml version="1.0" encoding="UTF-8"?>
<testsuite xmlns:xsi="http://www.w3.org/2001/XMLSchema-instance" xsi:noNamespaceSchemaLocation="https://maven.apache.org/surefire/maven-surefire-plugin/xsd/surefire-test-report.xsd" name="TestSuite" time="8.989" tests="1" errors="0" skipped="0" failures="0">
  <properties>
    <property name="sun.desktop" value="windows"/>
    <property name="awt.toolkit" value="sun.awt.windows.WToolkit"/>
    <property name="file.encoding.pkg" value="sun.io"/>
    <property name="java.specification.version" value="1.8"/>
    <property name="sun.cpu.isalist" value="amd64"/>
    <property name="sun.jnu.encoding" value="Cp1252"/>
    <property name="java.class.path" value="C:\Users\Tejinder\git\Mymavenproject\com.org.api\target\test-classes;C:\Users\Tejinder\git\Mymavenproject\com.org.api\target\classes;C:\Users\Tejinder\.m2\repository\org\testng\testng\6.14.3\testng-6.14.3.jar;C:\Users\Tejinder\.m2\repository\com\beust\jcommander\1.72\jcommander-1.72.jar;C:\Users\Tejinder\.m2\repository\org\apache-extras\beanshell\bsh\2.0b6\bsh-2.0b6.jar;C:\Users\Tejinder\.m2\repository\com\jayway\restassured\rest-assured\2.9.0\rest-assured-2.9.0.jar;C:\Users\Tejinder\.m2\repository\org\codehaus\groovy\groovy\2.4.4\groovy-2.4.4.jar;C:\Users\Tejinder\.m2\repository\org\codehaus\groovy\groovy-xml\2.4.4\groovy-xml-2.4.4.jar;C:\Users\Tejinder\.m2\repository\org\apache\httpcomponents\httpclient\4.5.1\httpclient-4.5.1.jar;C:\Users\Tejinder\.m2\repository\org\apache\httpcomponents\httpcore\4.4.3\httpcore-4.4.3.jar;C:\Users\Tejinder\.m2\repository\commons-logging\commons-logging\1.2\commons-logging-1.2.jar;C:\Users\Tejinder\.m2\repository\commons-codec\commons-codec\1.9\commons-codec-1.9.jar;C:\Users\Tejinder\.m2\repository\org\apache\httpcomponents\httpmime\4.5.1\httpmime-4.5.1.jar;C:\Users\Tejinder\.m2\repository\org\hamcrest\hamcrest-core\1.3\hamcrest-core-1.3.jar;C:\Users\Tejinder\.m2\repository\org\hamcrest\hamcrest-library\1.3\hamcrest-library-1.3.jar;C:\Users\Tejinder\.m2\repository\org\ccil\cowan\tagsoup\tagsoup\1.2.1\tagsoup-1.2.1.jar;C:\Users\Tejinder\.m2\repository\com\jayway\restassured\xml-path\2.9.0\xml-path-2.9.0.jar;C:\Users\Tejinder\.m2\repository\org\apache\commons\commons-lang3\3.3.2\commons-lang3-3.3.2.jar;C:\Users\Tejinder\.m2\repository\com\jayway\restassured\json-path\2.9.0\json-path-2.9.0.jar;C:\Users\Tejinder\.m2\repository\org\codehaus\groovy\groovy-json\2.4.4\groovy-json-2.4.4.jar;C:\Users\Tejinder\.m2\repository\com\jayway\restassured\rest-assured-common\2.9.0\rest-assured-common-2.9.0.jar;C:\Users\Tejinder\.m2\repository\com\jayway\restassured\json-schema-validator\2.2.0\json-schema-validator-2.2.0.jar;C:\Users\Tejinder\.m2\repository\com\github\fge\json-schema-validator\2.1.7\json-schema-validator-2.1.7.jar;C:\Users\Tejinder\.m2\repository\joda-time\joda-time\2.2\joda-time-2.2.jar;C:\Users\Tejinder\.m2\repository\com\googlecode\libphonenumber\libphonenumber\5.6\libphonenumber-5.6.jar;C:\Users\Tejinder\.m2\repository\com\github\fge\json-schema-core\1.1.8\json-schema-core-1.1.8.jar;C:\Users\Tejinder\.m2\repository\com\github\fge\uri-template\0.7\uri-template-0.7.jar;C:\Users\Tejinder\.m2\repository\com\google\guava\guava\14.0.1\guava-14.0.1.jar;C:\Users\Tejinder\.m2\repository\com\github\fge\msg-simple\0.9\msg-simple-0.9.jar;C:\Users\Tejinder\.m2\repository\com\github\fge\btf\1.0\btf-1.0.jar;C:\Users\Tejinder\.m2\repository\com\github\fge\jackson-coreutils\1.4\jackson-coreutils-1.4.jar;C:\Users\Tejinder\.m2\repository\com\fasterxml\jackson\core\jackson-databind\2.2.2\jackson-databind-2.2.2.jar;C:\Users\Tejinder\.m2\repository\com\fasterxml\jackson\core\jackson-annotations\2.2.2\jackson-annotations-2.2.2.jar;C:\Users\Tejinder\.m2\repository\com\fasterxml\jackson\core\jackson-core\2.2.2\jackson-core-2.2.2.jar;C:\Users\Tejinder\.m2\repository\org\mozilla\rhino\1.7R4\rhino-1.7R4.jar;C:\Users\Tejinder\.m2\repository\com\google\inject\guice\3.0\guice-3.0.jar;C:\Users\Tejinder\.m2\repository\javax\inject\javax.inject\1\javax.inject-1.jar;C:\Users\Tejinder\.m2\repository\aopalliance\aopalliance\1.0\aopalliance-1.0.jar;C:\Users\Tejinder\.m2\repository\javax\mail\mailapi\1.4.3\mailapi-1.4.3.jar;C:\Users\Tejinder\.m2\repository\javax\activation\activation\1.1\activation-1.1.jar;C:\Users\Tejinder\.m2\repository\com\google\code\findbugs\jsr305\2.0.1\jsr305-2.0.1.jar;"/>
    <property name="java.vm.vendor" value="Oracle Corporation"/>
    <property name="sun.arch.data.model" value="64"/>
    <property name="user.variant" value=""/>
    <property name="java.vendor.url" value="http://java.oracle.com/"/>
    <property name="user.timezone" value="Europe/Berlin"/>
    <property name="java.vm.specification.version" value="1.8"/>
    <property name="os.name" value="Windows 10"/>
    <property name="user.country" value="IN"/>
    <property name="sun.java.launcher" value="SUN_STANDARD"/>
    <property name="sun.boot.library.path" value="C:\Program Files\Java\jdk1.8.0_131\jre\bin"/>
    <property name="sun.java.command" value="C:\Users\Tejinder\AppData\Local\Temp\surefire5584681289726385628\surefirebooter7707542048185116065.jar C:\Users\Tejinder\AppData\Local\Temp\surefire5584681289726385628 2019-08-17T19-56-16_966-jvmRun1 surefire7158297362965849948tmp surefire_06602996949818442080tmp"/>
    <property name="surefire.test.class.path" value="C:\Users\Tejinder\git\Mymavenproject\com.org.api\target\test-classes;C:\Users\Tejinder\git\Mymavenproject\com.org.api\target\classes;C:\Users\Tejinder\.m2\repository\org\testng\testng\6.14.3\testng-6.14.3.jar;C:\Users\Tejinder\.m2\repository\com\beust\jcommander\1.72\jcommander-1.72.jar;C:\Users\Tejinder\.m2\repository\org\apache-extras\beanshell\bsh\2.0b6\bsh-2.0b6.jar;C:\Users\Tejinder\.m2\repository\com\jayway\restassured\rest-assured\2.9.0\rest-assured-2.9.0.jar;C:\Users\Tejinder\.m2\repository\org\codehaus\groovy\groovy\2.4.4\groovy-2.4.4.jar;C:\Users\Tejinder\.m2\repository\org\codehaus\groovy\groovy-xml\2.4.4\groovy-xml-2.4.4.jar;C:\Users\Tejinder\.m2\repository\org\apache\httpcomponents\httpclient\4.5.1\httpclient-4.5.1.jar;C:\Users\Tejinder\.m2\repository\org\apache\httpcomponents\httpcore\4.4.3\httpcore-4.4.3.jar;C:\Users\Tejinder\.m2\repository\commons-logging\commons-logging\1.2\commons-logging-1.2.jar;C:\Users\Tejinder\.m2\repository\commons-codec\commons-codec\1.9\commons-codec-1.9.jar;C:\Users\Tejinder\.m2\repository\org\apache\httpcomponents\httpmime\4.5.1\httpmime-4.5.1.jar;C:\Users\Tejinder\.m2\repository\org\hamcrest\hamcrest-core\1.3\hamcrest-core-1.3.jar;C:\Users\Tejinder\.m2\repository\org\hamcrest\hamcrest-library\1.3\hamcrest-library-1.3.jar;C:\Users\Tejinder\.m2\repository\org\ccil\cowan\tagsoup\tagsoup\1.2.1\tagsoup-1.2.1.jar;C:\Users\Tejinder\.m2\repository\com\jayway\restassured\xml-path\2.9.0\xml-path-2.9.0.jar;C:\Users\Tejinder\.m2\repository\org\apache\commons\commons-lang3\3.3.2\commons-lang3-3.3.2.jar;C:\Users\Tejinder\.m2\repository\com\jayway\restassured\json-path\2.9.0\json-path-2.9.0.jar;C:\Users\Tejinder\.m2\repository\org\codehaus\groovy\groovy-json\2.4.4\groovy-json-2.4.4.jar;C:\Users\Tejinder\.m2\repository\com\jayway\restassured\rest-assured-common\2.9.0\rest-assured-common-2.9.0.jar;C:\Users\Tejinder\.m2\repository\com\jayway\restassured\json-schema-validator\2.2.0\json-schema-validator-2.2.0.jar;C:\Users\Tejinder\.m2\repository\com\github\fge\json-schema-validator\2.1.7\json-schema-validator-2.1.7.jar;C:\Users\Tejinder\.m2\repository\joda-time\joda-time\2.2\joda-time-2.2.jar;C:\Users\Tejinder\.m2\repository\com\googlecode\libphonenumber\libphonenumber\5.6\libphonenumber-5.6.jar;C:\Users\Tejinder\.m2\repository\com\github\fge\json-schema-core\1.1.8\json-schema-core-1.1.8.jar;C:\Users\Tejinder\.m2\repository\com\github\fge\uri-template\0.7\uri-template-0.7.jar;C:\Users\Tejinder\.m2\repository\com\google\guava\guava\14.0.1\guava-14.0.1.jar;C:\Users\Tejinder\.m2\repository\com\github\fge\msg-simple\0.9\msg-simple-0.9.jar;C:\Users\Tejinder\.m2\repository\com\github\fge\btf\1.0\btf-1.0.jar;C:\Users\Tejinder\.m2\repository\com\github\fge\jackson-coreutils\1.4\jackson-coreutils-1.4.jar;C:\Users\Tejinder\.m2\repository\com\fasterxml\jackson\core\jackson-databind\2.2.2\jackson-databind-2.2.2.jar;C:\Users\Tejinder\.m2\repository\com\fasterxml\jackson\core\jackson-annotations\2.2.2\jackson-annotations-2.2.2.jar;C:\Users\Tejinder\.m2\repository\com\fasterxml\jackson\core\jackson-core\2.2.2\jackson-core-2.2.2.jar;C:\Users\Tejinder\.m2\repository\org\mozilla\rhino\1.7R4\rhino-1.7R4.jar;C:\Users\Tejinder\.m2\repository\com\google\inject\guice\3.0\guice-3.0.jar;C:\Users\Tejinder\.m2\repository\javax\inject\javax.inject\1\javax.inject-1.jar;C:\Users\Tejinder\.m2\repository\aopalliance\aopalliance\1.0\aopalliance-1.0.jar;C:\Users\Tejinder\.m2\repository\javax\mail\mailapi\1.4.3\mailapi-1.4.3.jar;C:\Users\Tejinder\.m2\repository\javax\activation\activation\1.1\activation-1.1.jar;C:\Users\Tejinder\.m2\repository\com\google\code\findbugs\jsr305\2.0.1\jsr305-2.0.1.jar;"/>
    <property name="sun.cpu.endian" value="little"/>
    <property name="user.home" value="C:\Users\Tejinder"/>
    <property name="user.language" value="en"/>
    <property name="java.specification.vendor" value="Oracle Corporation"/>
    <property name="java.home" value="C:\Program Files\Java\jdk1.8.0_131\jre"/>
    <property name="basedir" value="C:\Users\Tejinder\git\Mymavenproject\com.org.api"/>
    <property name="file.separator" value="\"/>
    <property name="line.separator" value="&#10;"/>
    <property name="java.vm.specification.vendor" value="Oracle Corporation"/>
    <property name="java.specification.name" value="Java Platform API Specification"/>
    <property name="java.awt.graphicsenv" value="sun.awt.Win32GraphicsEnvironment"/>
    <property name="surefire.real.class.path" value="C:\Users\Tejinder\AppData\Local\Temp\surefire5584681289726385628\surefirebooter7707542048185116065.jar"/>
    <property name="sun.boot.class.path" value="C:\Program Files\Java\jdk1.8.0_131\jre\lib\resources.jar;C:\Program Files\Java\jdk1.8.0_131\jre\lib\rt.jar;C:\Program Files\Java\jdk1.8.0_131\jre\lib\sunrsasign.jar;C:\Program Files\Java\jdk1.8.0_131\jre\lib\jsse.jar;C:\Program Files\Java\jdk1.8.0_131\jre\lib\jce.jar;C:\Program Files\Java\jdk1.8.0_131\jre\lib\charsets.jar;C:\Program Files\Java\jdk1.8.0_131\jre\lib\jfr.jar;C:\Program Files\Java\jdk1.8.0_131\jre\classes"/>
    <property name="user.script" value=""/>
    <property name="sun.management.compiler" value="HotSpot 64-Bit Tiered Compilers"/>
    <property name="java.runtime.version" value="1.8.0_131-b11"/>
    <property name="user.name" value="Tejinder"/>
    <property name="path.separator" value=";"/>
    <property name="os.version" value="10.0"/>
    <property name="java.endorsed.dirs" value="C:\Program Files\Java\jdk1.8.0_131\jre\lib\endorsed"/>
    <property name="java.runtime.name" value="Java(TM) SE Runtime Environment"/>
    <property name="file.encoding" value="Cp1252"/>
    <property name="java.vm.name" value="Java HotSpot(TM) 64-Bit Server VM"/>
    <property name="localRepository" value="C:\Users\Tejinder\.m2\repository"/>
    <property name="java.vendor.url.bug" value="http://bugreport.sun.com/bugreport/"/>
    <property name="java.io.tmpdir" value="C:\Users\Tejinder\AppData\Local\Temp\"/>
    <property name="java.version" value="1.8.0_131"/>
    <property name="user.dir" value="C:\Users\Tejinder\git\Mymavenproject\com.org.api"/>
    <property name="os.arch" value="amd64"/>
    <property name="java.vm.specification.name" value="Java Virtual Machine Specification"/>
    <property name="java.awt.printerjob" value="sun.awt.windows.WPrinterJob"/>
    <property name="sun.os.patch.level" value=""/>
    <property name="java.library.path" value="C:\Program Files\Java\jdk1.8.0_131\jre\bin;C:\WINDOWS\Sun\Java\bin;C:\WINDOWS\system32;C:\WINDOWS;C:\Users\Tejinder\bin;T:\Git\mingw64\bin;T:\Git\usr\local\bin;T:\Git\usr\bin;T:\Git\usr\bin;T:\Git\mingw64\bin;T:\Git\usr\bin;C:\Users\Tejinder\bin;C:\Program Files (x86)\NVIDIA Corporation\PhysX\Common;C:\WINDOWS\system32;C:\WINDOWS;C:\WINDOWS\System32\Wbem;C:\WINDOWS\System32\WindowsPowerShell\v1.0;C:\Program Files (x86)\ATI Technologies\ATI.ACE\Core-Static;C:\Android;C:\Windows\System32;C:\Program Files (x86)\Windows Live\Shared;C:\Program Files (x86)\Microsoft SQL Server\100\Tools\Binn;C:\Program Files\Microsoft SQL Server\100\Tools\Binn;C:\Program Files\Microsoft SQL Server\100\DTS\Binn;C:\Program Files\IDM Computer Solutions\UltraEdit;T:\Selenium;C:\Program Files (x86)\AMD\ATI.ACE\Core-Static;C:\WINDOWS\System32\OpenSSH;T:\Git\cmd;T:\DevTools\apache-maven-3.6.1\bin;C:\Program Files\Java\jdk1.8.0_131\bin;C:\Program Files (x86)\Java\jre1.8.0_131\bin;C:\Users\Tejinder\AppData\Local\Microsoft\WindowsApps;T:\Selenium;C:\Program Files (x86)\Java\jre1.8.0_131\bin;T:\Git\usr\bin\vendor_perl;T:\Git\usr\bin\core_perl;."/>
    <property name="java.vm.info" value="mixed mode"/>
    <property name="java.vendor" value="Oracle Corporation"/>
    <property name="java.vm.version" value="25.131-b11"/>
    <property name="java.ext.dirs" value="C:\Program Files\Java\jdk1.8.0_131\jre\lib\ext;C:\WINDOWS\Sun\Java\lib\ext"/>
    <property name="sun.io.unicode.encoding" value="UnicodeLittle"/>
    <property name="java.class.version" value="52.0"/>
  </properties>
  <testcase name="Test_04" classname="APITesting.com.org.api.WeatherGetRequest" time="6.124"/>
</testsuite>